<?xml version="1.0" encoding="UTF-8"?>
<!-- Generated by org.testng.reporters.JUnitReportReporter -->
<testsuite skipped="0" hostname="suresh" name="PajeObjectandFactoryModel.POF.LoginTest_pagefactory" tests="1" failures="0" timestamp="22 Aug 2020 14:49:38 GMT" time="8.820" errors="0">
  <testcase name="login" time="8.820" classname="PajeObjectandFactoryModel.POF.LoginTest_pagefactory"/>
</testsuite> <!-- PajeObjectandFactoryModel.POF.LoginTest_pagefactory -->
